[mongod output]note: noprealloc may hurt performance in many applications
[mongod output] Fri Oct 27 12:24:53 [initandlisten] MongoDB starting : pid=54121 port=27017 dbpath=/tmp/mongotest 64-bit host=eicke-virtual-machine
[mongod output] Fri Oct 27 12:24:53 [initandlisten] db version v2.0.4, pdfile version 4.5
[mongod output] Fri Oct 27 12:24:53 [initandlisten] git version: 329f3c47fe8136c03392c8f0e548506cb21f8ebf
[mongod output] Fri Oct 27 12:24:53 [initandlisten] build info: Linux ip-10-110-9-236 2.6.21.7-2.ec2.v1.2.fc8xen #1 SMP Fri Nov 20 17:48:28 EST 2009 x86_64 BOOST_LIB_VERSION=1_41
[mongod output] Fri Oct 27 12:24:53 [initandlisten] options: { dbpath: "/tmp/mongotest", noauth: true, nohttpinterface: true, nojournal: true, noprealloc: true, port: 27017, smallfiles: true }
[mongod output] Fri Oct 27 12:24:53 [initandlisten] waiting for connections on port 27017
[mongod output] Fri Oct 27 12:24:56 got kill or ctrl c or hup signal 2 (Interrupt), will terminate after current cmd ends
[mongod output] Fri Oct 27 12:24:56 [interruptThread] now exiting
[mongod output] Fri Oct 27 12:24:56 dbexit: 
[mongod output] Fri Oct 27 12:24:56 [interruptThread] shutdown: going to close listening sockets...
[mongod output] Fri Oct 27 12:24:56 [interruptThread] closing listening socket: 5
[mongod output] Fri Oct 27 12:24:56 [interruptThread] closing listening socket: 6
[mongod output] Fri Oct 27 12:24:56 [interruptThread] removing socket file: /tmp/mongodb-27017.sock
[mongod output] Fri Oct 27 12:24:56 [interruptThread] shutdown: going to flush diaglog...
[mongod output] Fri Oct 27 12:24:56 [interruptThread] shutdown: going to close sockets...
[mongod output] Fri Oct 27 12:24:56 [interruptThread] shutdown: waiting for fs preallocator...
[mongod output] Fri Oct 27 12:24:56 [interruptThread] shutdown: closing all files...
[mongod output] Fri Oct 27 12:24:56 [interruptThread] closeAllFiles() finished
[mongod output] Fri Oct 27 12:24:56 [interruptThread] shutdown: removing fs lock...
[mongod output] Fri Oct 27 12:24:56 dbexit: really exiting now
[mongod output] 

